adding cron job
adding cron job
adding cron job
remove 1467704682999
adding cron job
add */5 README casperjs cron.log manage_cron.sh phantomjs screenshot.js send_report.sh README casperjs cron.log manage_cron.sh phantomjs screenshot.js send_report.sh README casperjs cron.log manage_cron.sh phantomjs screenshot.js send_report.sh README casperjs cron.log manage_cron.sh phantomjs screenshot.js send_report.sh /home/jiaji/splunk/etc/apps/report_sender/bin/send_report.sh wang@netis.com 'http://172.16.200.101:8000/en-US/app/report_sender/schedule_list' 'test' 'report' # 1467704871165
adding cron job
add */5 * * * * /home/jiaji/splunk/etc/apps/report_sender/bin/send_report.sh wang@netis.com 'http://172.16.200.101:8000/en-US/app/report_sender/schedule_list' 'test' 'report' # 1467705008635
adding cron job
jiaji
remove 1467705008635
adding cron job
jiaji
add */5 * * * * /home/jiaji/splunk/etc/apps/report_sender/bin/send_report.sh wang@netis.com 'http://172.16.200.101:8000/en-US/app/report_sender/schedule_list' 'test' 'report' # 1467705460858
adding cron job
jiaji
add */5 * * * * /home/jiaji/splunk/etc/apps/report_sender/bin/send_report.sh wang@netis.com 'http://172.16.200.101:8000/en-US/app/report_sender/schedule_list' 'test' 'report' # 1467705536835
adding cron job
jiaji
add */5 * * * * /home/jiaji/splunk/etc/apps/report_sender/bin/send_report.sh wang@netis.com 'http://172.16.200.101:8000/en-US/app/report_sender/schedule_list' 'test' 'report' # 1467705606143
adding cron job
jiaji
remove 1467705606143
removing
adding cron job
jiaji
remove 1467705536835
removing
adding cron job
jiaji
remove 1467705460858
removing
adding cron job
jiaji
remove 1467704871165
removing
jiaji
add */5 * * * * /home/jiaji/splunk/etc/apps/report_sender/bin/send_report.sh wang@netis.com 'http://172.16.200.101:8000/en-US/app/report_sender/schedule_list' 'test' 'report' # 1467705790545
adding
jiaji
add */5 * * * * /home/jiaji/splunk/etc/apps/report_sender/bin/send_report.sh wang@netis.com 'http://172.16.200.101:8000/en-US/app/report_sender/schedule_list' 'test' 'report' # 1467705847753
adding
cmd
*/5 * * * * /home/jiaji/splunk/etc/apps/report_sender/bin/send_report.sh wang@netis.com 'http://172.16.200.101:8000/en-US/app/report_sender/schedule_list' 'test' 'report' # 1467705847753
jiaji
add */5 * * * * /home/jiaji/splunk/etc/apps/report_sender/bin/send_report.sh wang@netis.com 'http://172.16.200.101:8000/en-US/app/report_sender/schedule_list' 'test' 'report' # 1467705971372
adding
jiaji
remove 1467705790545
removing
jiaji
remove 1467705971372
removing
jiaji
remove 1467705847753
removing
jiaji
add */5 * * * * /home/jiaji/splunk/etc/apps/report_sender/bin/send_report.sh wang@netis.com 'http://172.16.200.101:8000/en-US/app/report_sender/schedule_list' 'test' 'report' # 1467706392029
adding
jiaji
add */5 * * * * /home/jiaji/splunk/etc/apps/report_sender/bin/send_report.sh wang@netis.com 'http://172.16.200.101:8000/en-US/app/report_sender/schedule_list' 'test' 'report' # 1467706608098
adding
jiaji
remove 1467706392029
removing
jiaji
remove 1467706608098
removing
jiaji
add */5 * * * * /home/jiaji/splunk/etc/apps/report_sender/bin/send_report.sh wang@netis.com 'http://172.16.200.101:8000/en-US/app/report_sender/schedule_list' 'test' 'report' # 1467707073567
adding
root
add */5 * * * * /root/splunk/etc/apps/report_sender/bin/send_report.sh neil@netis.com 'http://172.16.200.120:8000/en-US/app/report_sender/schedule_list' 'test' 'report' # 1467709362071
adding
cmd
*/5 * * * * /root/splunk/etc/apps/report_sender/bin/send_report.sh neil@netis.com 'http://172.16.200.120:8000/en-US/app/report_sender/schedule_list' 'test' 'report' # 1467709362071
[36m[info][0m [phantom] Starting...
[36m[info][0m [phantom] Running suite: 3 steps
[32;1m[debug][0m [phantom] opening url: http://172.16.200.120:8000/en-US/app/report_sender/schedule_list, HTTP GET
[32;1m[debug][0m [phantom] Navigation requested: url=http://172.16.200.120:8000/en-US/app/report_sender/schedule_list, type=Other, willNavigate=true, isMainFrame=true
[33m[warning][0m [phantom] Loading resource failed with status=fail: http://172.16.200.120:8000/en-US/app/report_sender/schedule_list
[32;1m[debug][0m [phantom] Successfully injected Casper client-side utilities
[36m[info][0m [phantom] Step anonymous 2/3: done in 60080ms.
[36m[info][0m [phantom] Step _step 3/4: done in 60099ms.
[33m[warning][0m [phantom] Casper.waitFor() timeout
[37;41;1m[error][0m [phantom] Wait timeout of 10000ms expired, exiting.
[37;41;1mWait timeout of 10000ms expired, exiting.[0m
Unsafe JavaScript attempt to access frame with URL about:blank from frame with URL file:///root/splunk/etc/apps/report_sender/bin/casperjs/bin/bootstrap.js. Domains, protocols and ports must match.

Unsafe JavaScript attempt to access frame with URL about:blank from frame with URL file:///root/splunk/etc/apps/report_sender/bin/casperjs/bin/bootstrap.js. Domains, protocols and ports must match.

Unsafe JavaScript attempt to access frame with URL about:blank from frame with URL file:///root/splunk/etc/apps/report_sender/bin/casperjs/bin/bootstrap.js. Domains, protocols and ports must match.

[36m[info][0m [phantom] Starting...
[36m[info][0m [phantom] Running suite: 3 steps
[32;1m[debug][0m [phantom] opening url: http://172.16.200.120:8000/en-US/app/report_sender/schedule_list, HTTP GET
[32;1m[debug][0m [phantom] Navigation requested: url=http://172.16.200.120:8000/en-US/app/report_sender/schedule_list, type=Other, willNavigate=true, isMainFrame=true
[36m[info][0m [phantom] Starting...
[36m[info][0m [phantom] Running suite: 3 steps
[32;1m[debug][0m [phantom] opening url: http://172.16.200.120:8000/en-US/app/report_sender/schedule_list, HTTP GET
[32;1m[debug][0m [phantom] Navigation requested: url=http://172.16.200.120:8000/en-US/app/report_sender/schedule_list, type=Other, willNavigate=true, isMainFrame=true
[33m[warning][0m [phantom] Loading resource failed with status=fail: http://172.16.200.120:8000/en-US/app/report_sender/schedule_list
[32;1m[debug][0m [phantom] Successfully injected Casper client-side utilities
[36m[info][0m [phantom] Step anonymous 2/3: done in 60091ms.
[36m[info][0m [phantom] Step _step 3/4: done in 60110ms.
[36m[info][0m [phantom] Starting...
[36m[info][0m [phantom] Running suite: 3 steps
[32;1m[debug][0m [phantom] opening url: http://10.6.11.120:8000/en-US/app/report_sender/schedule_list, HTTP GET
[32;1m[debug][0m [phantom] Navigation requested: url=http://10.6.11.120:8000/en-US/app/report_sender/schedule_list, type=Other, willNavigate=true, isMainFrame=true
[32;1m[debug][0m [phantom] url changed to "http://10.6.11.120:8000/en-US/app/report_sender/schedule_list"
[32;1m[debug][0m [phantom] Navigation requested: url=http://10.6.11.120:8000/en-US/account/login?return_to=/en-US/app/report_sender/schedule_list, type=Other, willNavigate=true, isMainFrame=true
[32;1m[debug][0m [phantom] Successfully injected Casper client-side utilities
[32;1m[debug][0m [phantom] url changed to "http://10.6.11.120:8000/en-US/account/login?return_to=/en-US/app/report_sender/schedule_list"
[32;1m[debug][0m [phantom] Successfully injected Casper client-side utilities
[32;1m[debug][0m [phantom] Navigation requested: url=about:blank, type=Other, willNavigate=true, isMainFrame=false
[36m[info][0m [phantom] Step anonymous 2/3 http://10.6.11.120:8000/en-US/account/login?return_to=/en-US/app/report_sender/schedule_list (HTTP 200)
[36m[info][0m [phantom] Step anonymous 2/3: done in 1313ms.
[36m[info][0m [phantom] Step _step 3/4 http://10.6.11.120:8000/en-US/account/login?return_to=/en-US/app/report_sender/schedule_list (HTTP 200)
[36m[info][0m [phantom] Step _step 3/4: done in 1338ms.
[36m[info][0m [phantom] waitFor() finished in 40ms.
[36m[info][0m [phantom] Step anonymous 4/5 http://10.6.11.120:8000/en-US/account/login?return_to=/en-US/app/report_sender/schedule_list (HTTP 200)
[36m[info][0m [remote] attempting to fetch form element from selector: 'form'
[32;1m[debug][0m [remote] Set "username" field value to admin
[32;1m[debug][0m [remote] Set "password" field value to *****
[36m[info][0m [remote] submitting form to /en-US/account/login, HTTP POST
[33m[warning][0m [remote] unable to submit form
[36m[info][0m [phantom] Step anonymous 4/5: done in 1414ms.
[36m[info][0m [phantom] Step anonymous 5/5 http://10.6.11.120:8000/en-US/account/login?return_to=/en-US/app/report_sender/schedule_list (HTTP 200)
[36m[info][0m [phantom] Step anonymous 5/5: done in 1417ms.
[36m[info][0m [phantom] Step _step 6/6 http://10.6.11.120:8000/en-US/account/login?return_to=/en-US/app/report_sender/schedule_list (HTTP 200)
[36m[info][0m [phantom] Step _step 6/6: done in 1436ms.
[32;1m[debug][0m [phantom] Navigation requested: url=http://10.6.11.120:8000/en-US/app/report_sender/schedule_list, type=Other, willNavigate=true, isMainFrame=true
[32;1m[debug][0m [phantom] url changed to "http://10.6.11.120:8000/en-US/app/report_sender/schedule_list"
[32;1m[debug][0m [phantom] Successfully injected Casper client-side utilities
[36m[info][0m [phantom] Starting...
[36m[info][0m [phantom] Running suite: 3 steps
[32;1m[debug][0m [phantom] opening url: http://localhost:8000/en-US/app/report_sender/schedule_list, HTTP GET
[32;1m[debug][0m [phantom] Navigation requested: url=http://localhost:8000/en-US/app/report_sender/schedule_list, type=Other, willNavigate=true, isMainFrame=true
[32;1m[debug][0m [phantom] url changed to "http://localhost:8000/en-US/app/report_sender/schedule_list"
[32;1m[debug][0m [phantom] Navigation requested: url=http://localhost:8000/en-US/account/login?return_to=/en-US/app/report_sender/schedule_list, type=Other, willNavigate=true, isMainFrame=true
[32;1m[debug][0m [phantom] Successfully injected Casper client-side utilities
[32;1m[debug][0m [phantom] url changed to "http://localhost:8000/en-US/account/login?return_to=/en-US/app/report_sender/schedule_list"
[32;1m[debug][0m [phantom] Successfully injected Casper client-side utilities
[36m[info][0m [phantom] Step anonymous 2/3 http://localhost:8000/en-US/account/login?return_to=/en-US/app/report_sender/schedule_list (HTTP 200)
[36m[info][0m [phantom] Step anonymous 2/3: done in 287ms.
[32;1m[debug][0m [phantom] Navigation requested: url=about:blank, type=Other, willNavigate=true, isMainFrame=false
[36m[info][0m [phantom] Step _step 3/4 http://localhost:8000/en-US/account/login?return_to=/en-US/app/report_sender/schedule_list (HTTP 200)
[36m[info][0m [phantom] Step _step 3/4: done in 476ms.
[36m[info][0m [phantom] waitFor() finished in 41ms.
[36m[info][0m [phantom] Step anonymous 4/5 http://localhost:8000/en-US/account/login?return_to=/en-US/app/report_sender/schedule_list (HTTP 200)
[36m[info][0m [remote] attempting to fetch form element from selector: 'form'
[32;1m[debug][0m [remote] Set "username" field value to admin
[32;1m[debug][0m [remote] Set "password" field value to *****
[36m[info][0m [remote] submitting form to /en-US/account/login, HTTP POST
[33m[warning][0m [remote] unable to submit form
[36m[info][0m [phantom] Step anonymous 4/5: done in 557ms.
[36m[info][0m [phantom] Step anonymous 5/5 http://localhost:8000/en-US/account/login?return_to=/en-US/app/report_sender/schedule_list (HTTP 200)
[36m[info][0m [phantom] Step anonymous 5/5: done in 559ms.
[36m[info][0m [phantom] Step _step 6/6 http://localhost:8000/en-US/account/login?return_to=/en-US/app/report_sender/schedule_list (HTTP 200)
[36m[info][0m [phantom] Step _step 6/6: done in 579ms.
[32;1m[debug][0m [phantom] Navigation requested: url=http://localhost:8000/en-US/app/report_sender/schedule_list, type=Other, willNavigate=true, isMainFrame=true
[32;1m[debug][0m [phantom] url changed to "http://localhost:8000/en-US/app/report_sender/schedule_list"
[32;1m[debug][0m [phantom] Successfully injected Casper client-side utilities
[33m[warning][0m [phantom] Loading resource failed with status=fail: http://172.16.200.120:8000/en-US/app/report_sender/schedule_list
[32;1m[debug][0m [phantom] Successfully injected Casper client-side utilities
[36m[info][0m [phantom] Step anonymous 2/3: done in 60085ms.
[36m[info][0m [phantom] Step _step 3/4: done in 60105ms.
[33m[warning][0m [phantom] Casper.waitFor() timeout
[37;41;1m[error][0m [phantom] Wait timeout of 10000ms expired, exiting.
[37;41;1mWait timeout of 10000ms expired, exiting.[0m
Unsafe JavaScript attempt to access frame with URL about:blank from frame with URL file:///root/splunk/etc/apps/report_sender/bin/casperjs/bin/bootstrap.js. Domains, protocols and ports must match.

Unsafe JavaScript attempt to access frame with URL about:blank from frame with URL file:///root/splunk/etc/apps/report_sender/bin/casperjs/bin/bootstrap.js. Domains, protocols and ports must match.

Unsafe JavaScript attempt to access frame with URL about:blank from frame with URL file:///root/splunk/etc/apps/report_sender/bin/casperjs/bin/bootstrap.js. Domains, protocols and ports must match.

[36m[info][0m [phantom] wait() finished waiting for 30000ms.
[32;1m[debug][0m [phantom] Capturing page to /root/splunk/etc/apps/report_sender/bin/report20160705.pdf
[36m[info][0m [phantom] Capture saved to /root/splunk/etc/apps/report_sender/bin/report20160705.pdf
[32;1m[debug][0m [phantom] Capturing page to /root/splunk/etc/apps/report_sender/bin/report20160705.png
[36m[info][0m [phantom] Capture saved to /root/splunk/etc/apps/report_sender/bin/report20160705.png
[36m[info][0m [phantom] Done 6 steps in 31615ms
Unsafe JavaScript attempt to access frame with URL about:blank from frame with URL file:///root/splunk/etc/apps/report_sender/bin/casperjs/bin/bootstrap.js. Domains, protocols and ports must match.

Unsafe JavaScript attempt to access frame with URL about:blank from frame with URL file:///root/splunk/etc/apps/report_sender/bin/casperjs/bin/bootstrap.js. Domains, protocols and ports must match.

Unsafe JavaScript attempt to access frame with URL about:blank from frame with URL file:///root/splunk/etc/apps/report_sender/bin/casperjs/bin/bootstrap.js. Domains, protocols and ports must match.

[36m[info][0m [phantom] Starting...
[36m[info][0m [phantom] Running suite: 3 steps
[32;1m[debug][0m [phantom] opening url: http://172.16.200.120:8000/en-US/app/report_sender/schedule_list, HTTP GET
[32;1m[debug][0m [phantom] Navigation requested: url=http://172.16.200.120:8000/en-US/app/report_sender/schedule_list, type=Other, willNavigate=true, isMainFrame=true
[33m[warning][0m [phantom] Loading resource failed with status=fail: http://172.16.200.120:8000/en-US/app/report_sender/schedule_list
[32;1m[debug][0m [phantom] Successfully injected Casper client-side utilities
[36m[info][0m [phantom] Step anonymous 2/3: done in 60088ms.
[36m[info][0m [phantom] Step _step 3/4: done in 60108ms.
[33m[warning][0m [phantom] Casper.waitFor() timeout
[37;41;1m[error][0m [phantom] Wait timeout of 10000ms expired, exiting.
[37;41;1mWait timeout of 10000ms expired, exiting.[0m
Unsafe JavaScript attempt to access frame with URL about:blank from frame with URL file:///root/splunk/etc/apps/report_sender/bin/casperjs/bin/bootstrap.js. Domains, protocols and ports must match.

Unsafe JavaScript attempt to access frame with URL about:blank from frame with URL file:///root/splunk/etc/apps/report_sender/bin/casperjs/bin/bootstrap.js. Domains, protocols and ports must match.

Unsafe JavaScript attempt to access frame with URL about:blank from frame with URL file:///root/splunk/etc/apps/report_sender/bin/casperjs/bin/bootstrap.js. Domains, protocols and ports must match.

[36m[info][0m [phantom] Starting...
[36m[info][0m [phantom] Running suite: 3 steps
[32;1m[debug][0m [phantom] opening url: http://172.16.200.120:8000/en-US/app/report_sender/schedule_list, HTTP GET
[32;1m[debug][0m [phantom] Navigation requested: url=http://172.16.200.120:8000/en-US/app/report_sender/schedule_list, type=Other, willNavigate=true, isMainFrame=true
[33m[warning][0m [phantom] Loading resource failed with status=fail: http://172.16.200.120:8000/en-US/app/report_sender/schedule_list
[32;1m[debug][0m [phantom] Successfully injected Casper client-side utilities
[36m[info][0m [phantom] Step anonymous 2/3: done in 60090ms.
[36m[info][0m [phantom] Step _step 3/4: done in 60110ms.
[33m[warning][0m [phantom] Casper.waitFor() timeout
[37;41;1m[error][0m [phantom] Wait timeout of 10000ms expired, exiting.
[37;41;1mWait timeout of 10000ms expired, exiting.[0m
Unsafe JavaScript attempt to access frame with URL about:blank from frame with URL file:///root/splunk/etc/apps/report_sender/bin/casperjs/bin/bootstrap.js. Domains, protocols and ports must match.

Unsafe JavaScript attempt to access frame with URL about:blank from frame with URL file:///root/splunk/etc/apps/report_sender/bin/casperjs/bin/bootstrap.js. Domains, protocols and ports must match.

Unsafe JavaScript attempt to access frame with URL about:blank from frame with URL file:///root/splunk/etc/apps/report_sender/bin/casperjs/bin/bootstrap.js. Domains, protocols and ports must match.

[36m[info][0m [phantom] Starting...
[36m[info][0m [phantom] Running suite: 3 steps
[32;1m[debug][0m [phantom] opening url: http://172.16.200.120:8000/en-US/app/report_sender/schedule_list, HTTP GET
[32;1m[debug][0m [phantom] Navigation requested: url=http://172.16.200.120:8000/en-US/app/report_sender/schedule_list, type=Other, willNavigate=true, isMainFrame=true
[33m[warning][0m [phantom] Loading resource failed with status=fail: http://172.16.200.120:8000/en-US/app/report_sender/schedule_list
[32;1m[debug][0m [phantom] Successfully injected Casper client-side utilities
[36m[info][0m [phantom] Step anonymous 2/3: done in 60118ms.
[36m[info][0m [phantom] Step _step 3/4: done in 60138ms.
[33m[warning][0m [phantom] Casper.waitFor() timeout
[37;41;1m[error][0m [phantom] Wait timeout of 10000ms expired, exiting.
[37;41;1mWait timeout of 10000ms expired, exiting.[0m
Unsafe JavaScript attempt to access frame with URL about:blank from frame with URL file:///root/splunk/etc/apps/report_sender/bin/casperjs/bin/bootstrap.js. Domains, protocols and ports must match.

Unsafe JavaScript attempt to access frame with URL about:blank from frame with URL file:///root/splunk/etc/apps/report_sender/bin/casperjs/bin/bootstrap.js. Domains, protocols and ports must match.

Unsafe JavaScript attempt to access frame with URL about:blank from frame with URL file:///root/splunk/etc/apps/report_sender/bin/casperjs/bin/bootstrap.js. Domains, protocols and ports must match.

[36m[info][0m [phantom] Starting...
[36m[info][0m [phantom] Running suite: 3 steps
[32;1m[debug][0m [phantom] opening url: http://172.16.200.120:8000/en-US/app/report_sender/schedule_list, HTTP GET
[32;1m[debug][0m [phantom] Navigation requested: url=http://172.16.200.120:8000/en-US/app/report_sender/schedule_list, type=Other, willNavigate=true, isMainFrame=true
