2015-02-02 12:21:31 eventid="1399131341854073046" hostId="###HOST_ID###" sig_created="20000101" sig_type="other" severity="medium" app_name="sensorApp" appInstanceId="1235" signature="60002" subSigid="2" description="Detect Java Version http" sig_version="custom" attacker="###ATTACKER_IP###" attacker_port="0" attacker_locality="OUT" target="###TARGET_IP###" target_port="0" target_locality="OUT" protocol="tcp" attack_relevance_rating=" " risk_rating="56" threat_rating="56" target_value_rating="medium" interface="GigabitEthernet0/1" interface_group="vs0" vlan="0" context="single_vf" summary_count="3" summary_eventid="1399131341854073050"
2015-02-02 12:21:31 eventid="1399131341854073045" hostId="###HOST_ID###" sig_created="20000101" sig_type="other" severity="medium" app_name="sensorApp" appInstanceId="1235" signature="60002" subSigid="1" description="Detect Java Version Atomic" sig_version="custom" attacker="###ATTACKER_IP###" attacker_port="0" attacker_locality="OUT" target="###TARGET_IP###" target_port="0" target_locality="OUT" protocol="tcp" attack_relevance_rating=" " risk_rating="56" threat_rating="56" target_value_rating="medium" interface="GigabitEthernet0/1" interface_group="vs0" vlan="0" context="single_vf" summary_count="3" summary_eventid="1399131341854073049"
"
X-IMForwards: 20
If-Modified-Since: Mon, 02 Feb 2015 10:20:22 GMT
Accept: text/html, image/gif, image/jpeg, *; q=3D.2, */*; q=3D.2
Host: crl.thawte.com
User-Agent: Mozilla/4.0 (Windows 7 6.1) Java/1.7.0_51
Pragma: no-cache
Cache-Control: no-cache
accept-encoding: gzip
Connection: keep-alive
U=E6=06=9E=9CI5sGET /ThawtePremiumServerCA.crl HTTP/1.1
=00P=E9=F0,=86=A93=95=E0=80=18=06=0B=A5=E4=00=00=01=01=08
RmViIDIwMTUgMTA6MjA6MjIgR01UDQpYLUlNRm9yd2FyZHM6IDIwDQoNCg==" trigger_packet_details="=00%E8=8F#@U9!PA=08=00E=00=01=88=86=EB@=00?=06=932=9Cb'=10=17=3DE=A3=F1=16=
IHE9LjIsICovKjsgcT0uMg0KSWYtTW9kaWZpZWQtU2luY2U6IE1vbiwgMDIg
CkFjY2VwdDogdGV4dC9odG1sLCBpbWFnZS9naWYsIGltYWdlL2pwZWcsICo7
cyA3IDYuMSkgSmF2YS8xLjcuMF81MQ0KSG9zdDogY3JsLnRoYXd0ZS5jb20N
bWE6IG5vLWNhY2hlDQpVc2VyLUFnZW50OiBNb3ppbGxhLzQuMCAoV2luZG93
ZW5jb2Rpbmc6IGd6aXANCkNhY2hlLUNvbnRyb2w6IG5vLWNhY2hlDQpQcmFn
Y3JsIEhUVFAvMS4xDQpDb25uZWN0aW9uOiBrZWVwLWFsaXZlDQphY2NlcHQt
Bgul5AAAAQEIClXmBp6cSTVzR0VUIC9UaGF3dGVQcmVtaXVtU2VydmVyQ0Eu
OI8jQFU5IVBBCABFAAGIhutAAD8GkzKcYicQFz1Fo/EWAFDp8CyGqTOV4IAY
2015-02-02 12:21:16 eventid="1399131341854073047" hostId="###HOST_ID###" sig_created="20000101" sig_type="other" severity="medium" app_name="sensorApp" appInstanceId="1235" signature="60002" subSigid="0" description="TRA Java Detected; bad-unknown" sig_version="custom" attacker="###ATTACKER_IP###" attacker_port="0" attacker_locality="OUT" protocol="tcp" attack_relevance_rating=" " risk_rating="56" threat_rating="56" target_value_rating="medium" interface="GigabitEthernet0/1" interface_group="vs0" vlan="0" context="single_vf" trigger_packet="ACVF
User-Agent: Mozilla/4.0 (Windows 7 6.1) Java/1."
Pragma: no-cache
Cache-Control: no-cache
accept-encoding: gzip
Connection: keep-alive
LUFnZW50OiBNb3ppbGxhLzQuMCAoV2luZG93cyA3IDYuMSkgSmF2YS8xLg==" fromAttacker_details="GET /ThawtePremiumServerCA.crl HTTP/1.1
Y2hlLUNvbnRyb2w6IG5vLWNhY2hlDQpQcmFnbWE6IG5vLWNhY2hlDQpVc2Vy
ZWN0aW9uOiBrZWVwLWFsaXZlDQphY2NlcHQtZW5jb2Rpbmc6IGd6aXANCkNh
